VirtualBox XPCOM Server 5.2.4 r119785 linux.amd64 (Dec 19 2017 08:24:32) release log
00:00:00.000281 main     Log opened 2018-01-16T17:37:30.850772000Z
00:00:00.000283 main     Build Type: release
00:00:00.000287 main     OS Product: Linux
00:00:00.000288 main     OS Release: 3.16.0-77-generic
00:00:00.000289 main     OS Version: #99~14.04.1-Ubuntu SMP Tue Jun 28 19:17:10 UTC 2016
00:00:00.000309 main     DMI Product Name: Inspiron 3543
00:00:00.000318 main     DMI Product Version: A08
00:00:00.000410 main     Host RAM: 7896MB (7.7GB) total, 6291MB (6.1GB) available
00:00:00.000414 main     Executable: /usr/lib/virtualbox/VBoxSVC
00:00:00.000415 main     Process ID: 8218
00:00:00.000416 main     Package type: LINUX_64BITS_UBUNTU_14_04
00:00:00.001950 main     IPC socket path: /tmp/.vbox-suyash1212-ipc/ipcd
00:00:00.104599 nspr-2   VirtualBox: object creation starts
00:00:00.104658 nspr-2   Home directory: '/home/suyash1212/.config/VirtualBox'
00:00:00.104802 nspr-2   Loading settings file "/home/suyash1212/.config/VirtualBox/VirtualBox.xml" with version "1.12-linux"
00:00:00.105738 nspr-2   Successfully initialised host USB using sysfs
00:00:00.110185 nspr-2   NetIfAdpCtlOut: VBoxNetAdpCtl: Error while retrieving link status for wlan0: VBoxNetAdpCtl: ioctl failed: Operation not supported
00:00:00.125866 nspr-2   NAT: resolv.conf: nameserver 127.0.1.1
00:00:00.125895 nspr-2   HostDnsMonitor: old information
00:00:00.125898 nspr-2     no server entries
00:00:00.125902 nspr-2     no domain set
00:00:00.125904 nspr-2     no search string entries
00:00:00.125906 nspr-2   HostDnsMonitor: new information
00:00:00.125908 nspr-2     server 1: 127.0.1.1
00:00:00.125910 nspr-2     domain: iitd.ac.in
00:00:00.125912 nspr-2     search string 1: iitd.ac.in
00:00:00.125914 nspr-2     search string 2: cc.iitd.ac.in
00:00:00.125919 nspr-2   HostDnsMonitorProxy::notify
00:00:00.129254 nspr-2   failed to create vboxnet0, error (0x80004005)
00:00:00.131339 nspr-2   failed to create vboxnet1, error (0x80004005)
00:00:00.145746 nspr-2   VD: VDInit finished with VINF_SUCCESS
00:00:00.169783 nspr-2   Loading settings file "/home/suyash1212/VirtualBox_VMs/Windows10/Windows10.vbox" with version "1.15-linux"
00:00:00.195625 nspr-2   VirtualBox: object created
00:08:38.121707 createClone Saving settings file "/home/suyash1212/VirtualBox_VMs/Windows10/Windows10.vbox" with version "1.15-linux"
00:09:18.218847 MachineClone Saving settings file "/home/suyash1212/VirtualBox_VMs/Windows10 Clone/Windows10 Clone.vbox" with version "1.15-linux"
00:09:18.890707 nspr-2   Saving settings file "/home/suyash1212/.config/VirtualBox/VirtualBox.xml" with version "1.12-linux"
00:09:19.045236 nspr-3   ERROR [COM]: aRC=NS_ERROR_FAILURE (0x80004005) aIID={85cd948e-a71f-4289-281e-0ca7ad48cd89} aComponent={MachineWrap} aText={This machine does not have any snapshots}, preserve=false aResultDetail=0
00:14:58.137694 nspr-5   Saving settings file "/home/suyash1212/.config/VirtualBox/VirtualBox.xml" with version "1.12-linux"
00:14:58.215051 nspr-2   Saving settings file "/home/suyash1212/.config/VirtualBox/VirtualBox.xml" with version "1.12-linux"
00:14:58.293623 nspr-4   Saving settings file "/home/suyash1212/.config/VirtualBox/VirtualBox.xml" with version "1.12-linux"
00:15:03.875196 main     VirtualBox: object deletion starts
00:15:03.875235 main     ERROR [COM]: aRC=VBOX_E_OBJECT_IN_USE (0x80bb000c) aIID={4afe423b-43e0-e9d0-82e8-ceb307940dda} aComponent={MediumWrap} aText={Medium '/home/suyash1212/VirtualBox_VMs/Windows10/Windows10.vdi' cannot be closed because it is still attached to 1 virtual machines}, preserve=false aResultDetail=0
00:15:03.891745 main     ERROR [COM]: aRC=VBOX_E_OBJECT_IN_USE (0x80bb000c) aIID={4afe423b-43e0-e9d0-82e8-ceb307940dda} aComponent={MediumWrap} aText={Medium '/home/suyash1212/VirtualBox_VMs/Windows10 Clone/Windows10 Clone.vdi' cannot be closed because it is still attached to 1 virtual machines}, preserve=false aResultDetail=0
00:15:04.361535 Watcher  ERROR [COM]: aRC=E_ACCESSDENIED (0x80070005) aIID={9570b9d5-f1a1-448a-10c5-e12f5285adad} aComponent={VirtualBoxWrap} aText={The object is not ready}, preserve=false aResultDetail=0
00:15:08.892290 main     {00007f16c8015530} HostPowerServiceLinux::~HostPowerServiceLinux: RTThreadWait() for 5000 ms failed with VERR_TIMEOUT
00:15:08.892649 main     VirtualBox: object deleted
